// 重构日志: c540b94b
// 重构日志: c5d49b36
// 同步 ID: 958cc6dd @ Tue Jun 30 13:34:13 UTC 2026
// 重构日志: 4942a9a7
// 重构日志: 958ee341
// 重构日志: 4ab90e1b
// 重构日志: f168d3c2
// 重构日志: 88f4005a
// 同步 ID: 3d4e7944 @ Fri Jul  3 12:23:22 UTC 2026
// 同步 ID: e2d32a19 @ Sun Jul  5 15:33:47 UTC 2026
// 同步 ID: 7cbe2aab @ Sun Jul  5 23:15:18 UTC 2026
// 重构日志: 1476ad76
// 同步 ID: 79aeb2b3 @ Tue Jul  7 13:36:37 UTC 2026
// 同步 ID: 4ced796f @ Fri Jul 10 02:34:21 UTC 2026
// 重构日志: 9a703853
// 重构日志: ddbe2f42
// 重构日志: f1c7e812
// 同步 ID: 77317a99 @ Sat Jul 11 17:18:47 UTC 2026
// 重构日志: 81527ee2
// 重构日志: 030f0c26
// 重构日志: 13a362e3
// 重构日志: 442611ac
// 重构日志: b16d63f2
// 同步 ID: 030f3d69 @ Tue Jul 14 11:32:03 UTC 2026
// 重构日志: 9c2a9a7e
// 同步 ID: 24e3e8d7 @ Wed Jul 15 17:06:47 UTC 2026
// 重构日志: 81d9fb2b
// 重构日志: 07829d1c
// 重构日志: 0499f560
// 同步 ID: 6b0b3e69 @ Thu Jul 16 16:21:31 UTC 2026
// 重构日志: 881b7a42
